Using pre-set license
Built from '2020.3/staging' branch; Version is '2020.3.17f1 (a4537701e4ab) revision 10769271'; Using compiler version '192528614'; Build Type 'Release'
OS: 'Windows 10 Home; OS build 19043.1526; Version 2009; 64bit' Language: 'en' Physical Memory: 16262 MB
BatchMode: 1, IsHumanControllingUs: 0, StartBugReporterOnCrash: 0, Is64bit: 1, IsPro: 0

COMMAND LINE ARGUMENTS:
D:\Software\Unity\Unity Editors\2020.3.17f1\Unity\Editor\Unity.exe
-adb2
-batchMode
-noUpm
-name
AssetImportWorker0
-projectPath
D:/Schoolbestanden/Schooljaar 2021-2022/Semester 1/Game Design 2/Week 07/2IGP16_Maes_Valere_GD2_ARE_Final/slimerancher/SlimeRancher
-logFile
Logs/AssetImportWorker0.log
-srvPort
57736
Successfully changed project path to: D:/Schoolbestanden/Schooljaar 2021-2022/Semester 1/Game Design 2/Week 07/2IGP16_Maes_Valere_GD2_ARE_Final/slimerancher/SlimeRancher
D:/Schoolbestanden/Schooljaar 2021-2022/Semester 1/Game Design 2/Week 07/2IGP16_Maes_Valere_GD2_ARE_Final/slimerancher/SlimeRancher
Using Asset Import Pipeline V2.
Refreshing native plugins compatible for Editor in 41.14 ms, found 2 plugins.
Preloading 0 native plugins for Editor in 0.00 ms.
Initialize engine version: 2020.3.17f1 (a4537701e4ab)
[Subsystems] Discovering subsystems at path D:/Software/Unity/Unity Editors/2020.3.17f1/Unity/Editor/Data/Resources/UnitySubsystems
[Subsystems] Discovering subsystems at path D:/Schoolbestanden/Schooljaar 2021-2022/Semester 1/Game Design 2/Week 07/2IGP16_Maes_Valere_GD2_ARE_Final/slimerancher/SlimeRancher/Assets
GfxDevice: creating device client; threaded=0
Direct3D:
    Version:  Direct3D 11.0 [level 11.1]
    Renderer: NVIDIA GeForce RTX 2060 (ID=0x1f11)
    Vendor:   
    VRAM:     5980 MB
    Driver:   30.0.14.9733
Initialize mono
Mono path[0] = 'D:/Software/Unity/Unity Editors/2020.3.17f1/Unity/Editor/Data/Managed'
Mono path[1] = 'D:/Software/Unity/Unity Editors/2020.3.17f1/Unity/Editor/Data/MonoBleedingEdge/lib/mono/unityjit'
Mono config path = 'D:/Software/Unity/Unity Editors/2020.3.17f1/Unity/Editor/Data/MonoBleedingEdge/etc'
Using monoOptions --debugger-agent=transport=dt_socket,embedding=1,server=y,suspend=n,address=127.0.0.1:56868
Begin MonoManager ReloadAssembly
Registering precompiled unity dll's ...
Register platform support module: D:/Software/Unity/Unity Editors/2020.3.17f1/Unity/Editor/Data/PlaybackEngines/WebGLSupport/UnityEditor.WebGL.Extensions.dll
Register platform support module: D:/Software/Unity/Unity Editors/2020.3.17f1/Unity/Editor/Data/PlaybackEngines/WindowsStandaloneSupport/UnityEditor.WindowsStandalone.Extensions.dll
Registered in 0.001420 seconds.
Native extension for WindowsStandalone target not found
Native extension for WebGL target not found
Refreshing native plugins compatible for Editor in 48.91 ms, found 2 plugins.
Preloading 0 native plugins for Editor in 0.00 ms.
Mono: successfully reloaded assembly
- Completed reload, in  1.212 seconds
Domain Reload Profiling:
	ReloadAssembly (1213ms)
		BeginReloadAssembly (60ms)
			ExecutionOrderSort (0ms)
			DisableScriptedObjects (0ms)
			BackupInstance (0ms)
			ReleaseScriptingObjects (0ms)
			CreateAndSetChildDomain (1ms)
		EndReloadAssembly (457ms)
			LoadAssemblies (59ms)
			RebuildTransferFunctionScriptingTraits (0ms)
			SetupTypeCache (143ms)
			ReleaseScriptCaches (0ms)
			RebuildScriptCaches (38ms)
			SetupLoadedEditorAssemblies (204ms)
				LogAssemblyErrors (0ms)
				InitializePlatformSupportModulesInManaged (5ms)
				SetLoadedEditorAssemblies (0ms)
				RefreshPlugins (49ms)
				BeforeProcessingInitializeOnLoad (17ms)
				ProcessInitializeOnLoadAttributes (101ms)
				ProcessInitializeOnLoadMethodAttributes (32ms)
				AfterProcessingInitializeOnLoad (0ms)
				EditorAssembliesLoaded (0ms)
			ExecutionOrderSort2 (0ms)
			AwakeInstancesAfterBackupRestoration (0ms)
Platform modules already initialized, skipping
Registering precompiled user dll's ...
Registered in 0.002758 seconds.
Begin MonoManager ReloadAssembly
Native extension for WindowsStandalone target not found
Native extension for WebGL target not found
Refreshing native plugins compatible for Editor in 38.63 ms, found 2 plugins.
Preloading 0 native plugins for Editor in 0.00 ms.
Mono: successfully reloaded assembly
- Completed reload, in  1.179 seconds
Domain Reload Profiling:
	ReloadAssembly (1179ms)
		BeginReloadAssembly (147ms)
			ExecutionOrderSort (0ms)
			DisableScriptedObjects (5ms)
			BackupInstance (0ms)
			ReleaseScriptingObjects (0ms)
			CreateAndSetChildDomain (19ms)
		EndReloadAssembly (978ms)
			LoadAssemblies (89ms)
			RebuildTransferFunctionScriptingTraits (0ms)
			SetupTypeCache (300ms)
			ReleaseScriptCaches (0ms)
			RebuildScriptCaches (58ms)
			SetupLoadedEditorAssemblies (416ms)
				LogAssemblyErrors (0ms)
				InitializePlatformSupportModulesInManaged (5ms)
				SetLoadedEditorAssemblies (0ms)
				RefreshPlugins (39ms)
				BeforeProcessingInitializeOnLoad (81ms)
				ProcessInitializeOnLoadAttributes (282ms)
				ProcessInitializeOnLoadMethodAttributes (6ms)
				AfterProcessingInitializeOnLoad (3ms)
				EditorAssembliesLoaded (0ms)
			ExecutionOrderSort2 (0ms)
			AwakeInstancesAfterBackupRestoration (6ms)
Platform modules already initialized, skipping
========================================================================
Worker process is ready to serve import requests
Launched and connected shader compiler UnityShaderCompiler.exe after 0.05 seconds
Refreshing native plugins compatible for Editor in 0.41 ms, found 2 plugins.
Preloading 0 native plugins for Editor in 0.00 ms.
Unloading 2230 Unused Serialized files (Serialized files now loaded: 0)
System memory in use before: 99.8 MB.
System memory in use after: 99.9 MB.

Unloading 20 unused Assets to reduce memory usage. Loaded Objects now: 2672.
Total: 4.706500 ms (FindLiveObjects: 0.204200 ms CreateObjectMapping: 0.072800 ms MarkObjects: 4.293100 ms  DeleteObjects: 0.135200 ms)

AssetImportParameters requested are different than current active one (requested -> active):
  custom:framework-win-MediaFoundation: 216162199b28c13a410421893ffa2e32 -> 
  custom:video-decoder-ogg-theora: a1e56fd34408186e4bbccfd4996cb3dc -> 
  custom:container-muxer-webm: aa71ff27fc2769a1b78a27578f13a17b -> 
  custom:container-demuxer-webm: 4f35f7cbe854078d1ac9338744f61a02 -> 
  custom:container-demuxer-ogg: 62fdf1f143b41e24485cea50d1cbac27 -> 
  custom:video-encoder-webm-vp8: eb34c28f22e8b96e1ab97ce403110664 -> 
  custom:video-codec-MediaFoundation-h265: 746d11721c4dcdbdad8f713fa42b33f4 -> 
  custom:video-decoder-webm-vp8: 9c59270c3fd7afecdb556c50c9e8de78 -> 
  custom:audio-decoder-ogg-vorbis: bf7c407c2cedff20999df2af8eb42d56 -> 
  custom:audio-encoder-webm-vorbis: bf7c407c2cedff20999df2af8eb42d56 -> 
========================================================================
Received Import Request.
  path: Assets/Materials/RanchReference.mat
  artifactKey: Guid(d7d0a93e388b38547a5b4896245449f4) Importer(815301076,1909f56bfc062723c751e8b465ee728b)
Start importing Assets/Materials/RanchReference.mat using Guid(d7d0a93e388b38547a5b4896245449f4) Importer(815301076,1909f56bfc062723c751e8b465ee728b)  -> (artifact id: '0025e557d025d7108c08f870729cc9fc') in 0.871793 seconds 
  Import took 0.875595 seconds .

========================================================================
Received Import Request.
  Time since last request: 2.732647 seconds.
  path: Assets/Code/Slime.cs
  artifactKey: Guid(1779a615c3456214887e5aa8d291fb1b) Importer(815301076,1909f56bfc062723c751e8b465ee728b)
Start importing Assets/Code/Slime.cs using Guid(1779a615c3456214887e5aa8d291fb1b) Importer(815301076,1909f56bfc062723c751e8b465ee728b)  -> (artifact id: '34ad31c77c70c4920220c6056228e812') in 0.124633 seconds 
  Import took 0.128472 seconds .

========================================================================
Received Import Request.
  Time since last request: 0.013850 seconds.
  path: Assets/Code/Slime.cs
  artifactKey: Guid(1779a615c3456214887e5aa8d291fb1b) Importer(815301076,1909f56bfc062723c751e8b465ee728b)
Start importing Assets/Code/Slime.cs using Guid(1779a615c3456214887e5aa8d291fb1b) Importer(815301076,1909f56bfc062723c751e8b465ee728b)  -> (artifact id: '34ad31c77c70c4920220c6056228e812') in 0.002796 seconds 
  Import took 0.007116 seconds .

AssetImportWorkerClient::OnTransportError - code=2 error=End of file
